<?xml version="1.0" encoding="UTF-8"?>
<robot generator="Robot 4.1.2 (Python 3.8.10 on linux)" generated="20211217 14:41:05.565" rpa="false" schemaversion="2">
<suite id="s1" name="Test" source="/home/haley/PycharmProjects/Demo/test.robot">
<test id="s1-t1" name="Open Deriv">
<kw name="Login" library="common">
<arg>${my_email}</arg>
<arg>${my_pw}</arg>
<kw name="Open Browser" library="SeleniumLibrary">
<arg>https://app.deriv.com</arg>
<arg>chrome</arg>
<doc>Opens a new browser instance to the optional ``url``.</doc>
<msg timestamp="20211217 14:41:05.654" level="INFO">Opening browser 'chrome' to base url 'https://app.deriv.com'.</msg>
<status status="PASS" starttime="20211217 14:41:05.654" endtime="20211217 14:41:20.566"/>
</kw>
<kw name="Maximize Browser Window" library="SeleniumLibrary">
<doc>Maximizes current browser window.</doc>
<status status="PASS" starttime="20211217 14:41:20.566" endtime="20211217 14:41:20.717"/>
</kw>
<kw name="Wait Until Page Does Not Contain Element" library="SeleniumLibrary">
<arg>${header_preloader}</arg>
<arg>60</arg>
<doc>Waits until the element ``locator`` disappears from the current page.</doc>
<status status="PASS" starttime="20211217 14:41:20.717" endtime="20211217 14:41:20.838"/>
</kw>
<kw name="Wait Until Page Contains Element" library="SeleniumLibrary">
<arg>${login_btn}</arg>
<arg>15</arg>
<doc>Waits until the element ``locator`` appears on the current page.</doc>
<status status="PASS" starttime="20211217 14:41:20.838" endtime="20211217 14:41:20.937"/>
</kw>
<kw name="Click Element" library="SeleniumLibrary">
<arg>${login_btn}</arg>
<doc>Click the element identified by ``locator``.</doc>
<msg timestamp="20211217 14:41:20.938" level="INFO">Clicking element 'dt_login_button'.</msg>
<status status="PASS" starttime="20211217 14:41:20.937" endtime="20211217 14:41:21.306"/>
</kw>
<kw name="Wait Until Page Contains Element" library="SeleniumLibrary">
<arg>${email_field}</arg>
<arg>15</arg>
<doc>Waits until the element ``locator`` appears on the current page.</doc>
<status status="PASS" starttime="20211217 14:41:21.306" endtime="20211217 14:41:23.495"/>
</kw>
<kw name="Input Text" library="SeleniumLibrary">
<arg>${email_field}</arg>
<arg>${email}</arg>
<doc>Types the given ``text`` into the text field identified by ``locator``.</doc>
<msg timestamp="20211217 14:41:23.496" level="INFO">Typing text 'haley@besquare.com.my' into text field 'name=email'.</msg>
<status status="PASS" starttime="20211217 14:41:23.495" endtime="20211217 14:41:23.544"/>
</kw>
<kw name="Input Text" library="SeleniumLibrary">
<arg>${pw_field}</arg>
<arg>${pw}</arg>
<doc>Types the given ``text`` into the text field identified by ``locator``.</doc>
<msg timestamp="20211217 14:41:23.545" level="INFO">Typing text 'J!@hu@n1105' into text field '//*[@type="password"]'.</msg>
<status status="PASS" starttime="20211217 14:41:23.545" endtime="20211217 14:41:23.599"/>
</kw>
<kw name="Click Element" library="SeleniumLibrary">
<arg>${login_oauth_btn}</arg>
<doc>Click the element identified by ``locator``.</doc>
<msg timestamp="20211217 14:41:23.599" level="INFO">Clicking element '//*[text()="Log in"]'.</msg>
<status status="PASS" starttime="20211217 14:41:23.599" endtime="20211217 14:41:32.709"/>
</kw>
<status status="PASS" starttime="20211217 14:41:05.653" endtime="20211217 14:41:32.710"/>
</kw>
<status status="PASS" starttime="20211217 14:41:05.653" endtime="20211217 14:41:32.710"/>
</test>
<test id="s1-t2" name="Switch Virtual">
<kw name="SwitchVirtualAccount" library="common">
<kw name="Wait Until Page Does Not Contain Element" library="SeleniumLibrary">
<arg>${header_preloader}</arg>
<arg>60</arg>
<doc>Waits until the element ``locator`` disappears from the current page.</doc>
<status status="PASS" starttime="20211217 14:41:32.711" endtime="20211217 14:41:32.723"/>
</kw>
<kw name="Wait Until Page Contains Element" library="SeleniumLibrary">
<arg>${deriv_accounts}</arg>
<arg>60</arg>
<doc>Waits until the element ``locator`` appears on the current page.</doc>
<status status="PASS" starttime="20211217 14:41:32.723" endtime="20211217 14:41:32.731"/>
</kw>
<kw name="Wait Until Element Is Visible" library="SeleniumLibrary">
<arg>${deriv_accounts}</arg>
<arg>60</arg>
<doc>Waits until the element ``locator`` is visible.</doc>
<status status="PASS" starttime="20211217 14:41:32.731" endtime="20211217 14:41:32.751"/>
</kw>
<kw name="Click Element" library="SeleniumLibrary">
<arg>${deriv_accounts}</arg>
<doc>Click the element identified by ``locator``.</doc>
<msg timestamp="20211217 14:41:32.752" level="INFO">Clicking element '//*[@id="dt_core_account-info_acc-info"]'.</msg>
<status status="PASS" starttime="20211217 14:41:32.752" endtime="20211217 14:41:32.840"/>
</kw>
<kw name="Wait Until Page Contains Element" library="SeleniumLibrary">
<arg>${demo_tab}</arg>
<arg>20</arg>
<doc>Waits until the element ``locator`` appears on the current page.</doc>
<status status="PASS" starttime="20211217 14:41:32.840" endtime="20211217 14:41:32.856"/>
</kw>
<kw name="Click Element" library="SeleniumLibrary">
<arg>${demo_tab}</arg>
<doc>Click the element identified by ``locator``.</doc>
<msg timestamp="20211217 14:41:32.857" level="INFO">Clicking element '//*[@id="dt_core_account-switcher_demo-tab"]'.</msg>
<status status="PASS" starttime="20211217 14:41:32.856" endtime="20211217 14:41:32.924"/>
</kw>
<kw name="Wait Until Page Contains Element" library="SeleniumLibrary">
<arg>${virtual_account}</arg>
<arg>20</arg>
<doc>Waits until the element ``locator`` appears on the current page.</doc>
<status status="PASS" starttime="20211217 14:41:32.925" endtime="20211217 14:41:32.936"/>
</kw>
<kw name="Click Element" library="SeleniumLibrary">
<arg>${virtual_account}</arg>
<doc>Click the element identified by ``locator``.</doc>
<msg timestamp="20211217 14:41:32.937" level="INFO">Clicking element '//*[@id="dt_VRTC4795335"]'.</msg>
<status status="PASS" starttime="20211217 14:41:32.937" endtime="20211217 14:41:33.102"/>
</kw>
<status status="PASS" starttime="20211217 14:41:32.711" endtime="20211217 14:41:33.102"/>
</kw>
<status status="PASS" starttime="20211217 14:41:32.710" endtime="20211217 14:41:33.103"/>
</test>
<test id="s1-t3" name="Buy Rise Contract">
<kw name="BuyRiseContract" library="common">
<kw name="Wait Until Page Does Not Contain Element" library="SeleniumLibrary">
<arg>${header_preloader}</arg>
<arg>60</arg>
<doc>Waits until the element ``locator`` disappears from the current page.</doc>
<status status="PASS" starttime="20211217 14:41:33.107" endtime="20211217 14:41:39.085"/>
</kw>
<kw name="Wait Until Page Does Not Contain Element" library="SeleniumLibrary">
<arg>${chart_loader}</arg>
<arg>60</arg>
<doc>Waits until the element ``locator`` disappears from the current page.</doc>
<status status="PASS" starttime="20211217 14:41:39.085" endtime="20211217 14:41:39.095"/>
</kw>
<kw name="Wait Until Page Contains Element" library="SeleniumLibrary">
<arg>${asset_menu}</arg>
<arg>60</arg>
<doc>Waits until the element ``locator`` appears on the current page.</doc>
<status status="PASS" starttime="20211217 14:41:39.095" endtime="20211217 14:41:39.106"/>
</kw>
<kw name="Wait Until Element Is Visible" library="SeleniumLibrary">
<arg>${asset_menu}</arg>
<arg>60</arg>
<doc>Waits until the element ``locator`` is visible.</doc>
<status status="PASS" starttime="20211217 14:41:39.106" endtime="20211217 14:41:39.128"/>
</kw>
<kw name="Click Element" library="SeleniumLibrary">
<arg>${asset_menu}</arg>
<doc>Click the element identified by ``locator``.</doc>
<msg timestamp="20211217 14:41:39.128" level="INFO">Clicking element '//*[@id="trade"]/div/div[1]/div/div/div[1]/div[1]/div/div[1]'.</msg>
<status status="PASS" starttime="20211217 14:41:39.128" endtime="20211217 14:41:39.202"/>
</kw>
<kw name="Wait Until Page Contains Element" library="SeleniumLibrary">
<arg>${synthetic_indices}</arg>
<arg>20</arg>
<doc>Waits until the element ``locator`` appears on the current page.</doc>
<status status="PASS" starttime="20211217 14:41:39.202" endtime="20211217 14:41:39.217"/>
</kw>
<kw name="Wait Until Element Is Visible" library="SeleniumLibrary">
<arg>${synthetic_indices}</arg>
<arg>20</arg>
<doc>Waits until the element ``locator`` is visible.</doc>
<status status="PASS" starttime="20211217 14:41:39.217" endtime="20211217 14:41:39.705"/>
</kw>
<kw name="Click Element" library="SeleniumLibrary">
<arg>${synthetic_indices}</arg>
<doc>Click the element identified by ``locator``.</doc>
<msg timestamp="20211217 14:41:39.706" level="INFO">Clicking element '//*[@id="trade"]/div/div[1]/div/div/div[1]/div[1]/div/div[2]/div/div/div[1]/div[2]/div/div[2]'.</msg>
<status status="PASS" starttime="20211217 14:41:39.705" endtime="20211217 14:41:39.763"/>
</kw>
<kw name="Wait Until Page Contains Element" library="SeleniumLibrary">
<arg>${volatility_10_1s}</arg>
<arg>20</arg>
<doc>Waits until the element ``locator`` appears on the current page.</doc>
<status status="PASS" starttime="20211217 14:41:39.763" endtime="20211217 14:41:39.806"/>
</kw>
<kw name="Wait Until Element Is Visible" library="SeleniumLibrary">
<arg>${volatility_10_1s}</arg>
<arg>20</arg>
<doc>Waits until the element ``locator`` is visible.</doc>
<status status="PASS" starttime="20211217 14:41:39.806" endtime="20211217 14:41:39.840"/>
</kw>
<kw name="Click Element" library="SeleniumLibrary">
<arg>${volatility_10_1s}</arg>
<doc>Click the element identified by ``locator``.</doc>
<msg timestamp="20211217 14:41:39.841" level="INFO">Clicking element '//*[@id="trade"]/div/div[1]/div/div/div[1]/div[1]/div/div[2]/div/div/div[2]/div[2]/div/div[2]/div[1]/div[2]'.</msg>
<status status="PASS" starttime="20211217 14:41:39.840" endtime="20211217 14:41:39.942"/>
</kw>
<kw name="Wait Until Page Does Not Contain Element" library="SeleniumLibrary">
<arg>${header_preloader}</arg>
<arg>60</arg>
<doc>Waits until the element ``locator`` disappears from the current page.</doc>
<status status="PASS" starttime="20211217 14:41:39.942" endtime="20211217 14:41:39.950"/>
</kw>
<kw name="Wait Until Page Does Not Contain Element" library="SeleniumLibrary">
<arg>${chart_loader}</arg>
<arg>60</arg>
<doc>Waits until the element ``locator`` disappears from the current page.</doc>
<status status="PASS" starttime="20211217 14:41:39.951" endtime="20211217 14:41:39.957"/>
</kw>
<kw name="Wait Until Page Contains Element" library="SeleniumLibrary">
<arg>${trade_types_btn}</arg>
<arg>60</arg>
<doc>Waits until the element ``locator`` appears on the current page.</doc>
<status status="PASS" starttime="20211217 14:41:39.957" endtime="20211217 14:41:42.185"/>
</kw>
<kw name="Click Element" library="SeleniumLibrary">
<arg>${trade_types_btn}</arg>
<doc>Click the element identified by ``locator``.</doc>
<msg timestamp="20211217 14:41:42.186" level="INFO">Clicking element '//*[@id="dt_contract_dropdown"]'.</msg>
<status status="PASS" starttime="20211217 14:41:42.185" endtime="20211217 14:41:42.230"/>
</kw>
<kw name="Wait Until Page Contains Element" library="SeleniumLibrary">
<arg>${rise_or_fall_btn}</arg>
<arg>20</arg>
<doc>Waits until the element ``locator`` appears on the current page.</doc>
<status status="PASS" starttime="20211217 14:41:42.230" endtime="20211217 14:41:42.239"/>
</kw>
<kw name="Click Element" library="SeleniumLibrary">
<arg>${rise_or_fall_btn}</arg>
<doc>Click the element identified by ``locator``.</doc>
<msg timestamp="20211217 14:41:42.239" level="INFO">Clicking element '//*[@id="dt_contract_dropdown"]/div[2]/div/div/div[2]/div[2]/div/div[2]/div[2]'.</msg>
<status status="PASS" starttime="20211217 14:41:42.239" endtime="20211217 14:41:42.365"/>
</kw>
<kw name="Wait Until Page Contains Element" library="SeleniumLibrary">
<arg>${tick_btn}</arg>
<arg>20</arg>
<doc>Waits until the element ``locator`` appears on the current page.</doc>
<status status="PASS" starttime="20211217 14:41:42.365" endtime="20211217 14:41:42.376"/>
</kw>
<kw name="Click Element" library="SeleniumLibrary">
<arg>${tick_btn}</arg>
<doc>Click the element identified by ``locator``.</doc>
<msg timestamp="20211217 14:41:42.377" level="INFO">Clicking element '//*[@id="dc_t_toggle_item"]'.</msg>
<status status="PASS" starttime="20211217 14:41:42.376" endtime="20211217 14:41:42.420"/>
</kw>
<kw name="Wait Until Page Contains Element" library="SeleniumLibrary">
<arg>${stake_btn}</arg>
<arg>20</arg>
<doc>Waits until the element ``locator`` appears on the current page.</doc>
<status status="PASS" starttime="20211217 14:41:42.420" endtime="20211217 14:41:42.434"/>
</kw>
<kw name="Click Element" library="SeleniumLibrary">
<arg>${stake_btn}</arg>
<doc>Click the element identified by ``locator``.</doc>
<msg timestamp="20211217 14:41:42.434" level="INFO">Clicking element '//*[@id="dc_stake_toggle_item"]'.</msg>
<status status="PASS" starttime="20211217 14:41:42.434" endtime="20211217 14:41:42.483"/>
</kw>
<kw name="Press Keys" library="SeleniumLibrary">
<arg>${value_input}</arg>
<arg>CTRL+A+BACKSPACE</arg>
<doc>Simulates the user pressing key(s) to an element or on the active browser.</doc>
<msg timestamp="20211217 14:41:42.484" level="INFO">Sending key(s) ('CTRL+A+BACKSPACE',) to //*[@id="dt_amount_input"] element.</msg>
<msg timestamp="20211217 14:41:42.843" level="INFO">Pressing special key CONTROL down.</msg>
<msg timestamp="20211217 14:41:42.843" level="INFO">Sending key A</msg>
<msg timestamp="20211217 14:41:42.843" level="INFO">Pressing special key BACKSPACE down.</msg>
<msg timestamp="20211217 14:41:42.843" level="INFO">Releasing special key CONTROL.</msg>
<msg timestamp="20211217 14:41:42.843" level="INFO">Releasing special key BACKSPACE.</msg>
<status status="PASS" starttime="20211217 14:41:42.483" endtime="20211217 14:41:42.901"/>
</kw>
<kw name="Input Text" library="SeleniumLibrary">
<arg>${value_input}</arg>
<arg>10</arg>
<doc>Types the given ``text`` into the text field identified by ``locator``.</doc>
<msg timestamp="20211217 14:41:42.901" level="INFO">Typing text '10' into text field '//*[@id="dt_amount_input"]'.</msg>
<status status="PASS" starttime="20211217 14:41:42.901" endtime="20211217 14:41:43.025"/>
</kw>
<kw name="Wait Until Page Contains Element" library="SeleniumLibrary">
<arg>${buy_call_btn}</arg>
<arg>20</arg>
<doc>Waits until the element ``locator`` appears on the current page.</doc>
<status status="PASS" starttime="20211217 14:41:43.025" endtime="20211217 14:41:43.099"/>
</kw>
<kw name="Wait Until Element Is Visible" library="SeleniumLibrary">
<arg>${buy_call_btn}</arg>
<arg>20</arg>
<doc>Waits until the element ``locator`` is visible.</doc>
<status status="PASS" starttime="20211217 14:41:43.099" endtime="20211217 14:41:43.138"/>
</kw>
<kw name="Wait Until Element Is Enabled" library="SeleniumLibrary">
<arg>${buy_call_btn}</arg>
<arg>20</arg>
<doc>Waits until the element ``locator`` is enabled.</doc>
<status status="PASS" starttime="20211217 14:41:43.138" endtime="20211217 14:41:45.143"/>
</kw>
<kw name="Click Element" library="SeleniumLibrary">
<arg>${buy_call_btn}</arg>
<doc>Click the element identified by ``locator``.</doc>
<msg timestamp="20211217 14:41:45.143" level="INFO">Clicking element '//*[@id="dt_purchase_call_button"]'.</msg>
<status status="PASS" starttime="20211217 14:41:45.143" endtime="20211217 14:41:45.218"/>
</kw>
<status status="PASS" starttime="20211217 14:41:33.106" endtime="20211217 14:41:45.218"/>
</kw>
<status status="PASS" starttime="20211217 14:41:33.105" endtime="20211217 14:41:45.218"/>
</test>
<test id="s1-t4" name="Buy Lower Contract">
<kw name="BuyLowerContract" library="common">
<kw name="Wait Until Page Does Not Contain Element" library="SeleniumLibrary">
<arg>${header_preloader}</arg>
<arg>60</arg>
<doc>Waits until the element ``locator`` disappears from the current page.</doc>
<status status="PASS" starttime="20211217 14:41:45.220" endtime="20211217 14:41:45.234"/>
</kw>
<kw name="Wait Until Page Does Not Contain Element" library="SeleniumLibrary">
<arg>${chart_loader}</arg>
<arg>60</arg>
<doc>Waits until the element ``locator`` disappears from the current page.</doc>
<status status="PASS" starttime="20211217 14:41:45.234" endtime="20211217 14:41:45.246"/>
</kw>
<kw name="Wait Until Page Contains Element" library="SeleniumLibrary">
<arg>${asset_menu}</arg>
<arg>60</arg>
<doc>Waits until the element ``locator`` appears on the current page.</doc>
<status status="PASS" starttime="20211217 14:41:45.246" endtime="20211217 14:41:45.256"/>
</kw>
<kw name="Wait Until Element Is Visible" library="SeleniumLibrary">
<arg>${asset_menu}</arg>
<arg>60</arg>
<doc>Waits until the element ``locator`` is visible.</doc>
<status status="PASS" starttime="20211217 14:41:45.256" endtime="20211217 14:41:45.273"/>
</kw>
<kw name="Click Element" library="SeleniumLibrary">
<arg>${asset_menu}</arg>
<doc>Click the element identified by ``locator``.</doc>
<msg timestamp="20211217 14:41:45.274" level="INFO">Clicking element '//*[@id="trade"]/div/div[1]/div/div/div[1]/div[1]/div/div[1]'.</msg>
<status status="PASS" starttime="20211217 14:41:45.274" endtime="20211217 14:41:45.360"/>
</kw>
<kw name="Wait Until Page Contains Element" library="SeleniumLibrary">
<arg>${forex}</arg>
<arg>20</arg>
<doc>Waits until the element ``locator`` appears on the current page.</doc>
<status status="PASS" starttime="20211217 14:41:45.360" endtime="20211217 14:41:45.382"/>
</kw>
<kw name="Wait Until Element Is Visible" library="SeleniumLibrary">
<arg>${forex}</arg>
<arg>20</arg>
<doc>Waits until the element ``locator`` is visible.</doc>
<status status="PASS" starttime="20211217 14:41:45.382" endtime="20211217 14:41:45.832"/>
</kw>
<kw name="Wait Until Page Contains Element" library="SeleniumLibrary">
<arg>${AUD_USD}</arg>
<arg>20</arg>
<doc>Waits until the element ``locator`` appears on the current page.</doc>
<status status="PASS" starttime="20211217 14:41:45.832" endtime="20211217 14:41:45.842"/>
</kw>
<kw name="Wait Until Element Is Visible" library="SeleniumLibrary">
<arg>${AUD_USD}</arg>
<arg>20</arg>
<doc>Waits until the element ``locator`` is visible.</doc>
<status status="PASS" starttime="20211217 14:41:45.843" endtime="20211217 14:41:45.856"/>
</kw>
<kw name="Click Element" library="SeleniumLibrary">
<arg>${AUD_USD}</arg>
<doc>Click the element identified by ``locator``.</doc>
<msg timestamp="20211217 14:41:45.856" level="INFO">Clicking element '//*[@id="trade"]/div/div[1]/div/div/div[1]/div[1]/div/div[2]/div/div/div[2]/div[2]/div/div[3]/div[1]/div[3]'.</msg>
<status status="PASS" starttime="20211217 14:41:45.856" endtime="20211217 14:41:45.964"/>
</kw>
<kw name="Wait Until Page Does Not Contain Element" library="SeleniumLibrary">
<arg>${header_preloader}</arg>
<arg>60</arg>
<doc>Waits until the element ``locator`` disappears from the current page.</doc>
<status status="PASS" starttime="20211217 14:41:45.964" endtime="20211217 14:41:45.989"/>
</kw>
<kw name="Wait Until Page Does Not Contain Element" library="SeleniumLibrary">
<arg>${chart_loader}</arg>
<arg>60</arg>
<doc>Waits until the element ``locator`` disappears from the current page.</doc>
<status status="PASS" starttime="20211217 14:41:45.989" endtime="20211217 14:41:45.997"/>
</kw>
<kw name="Wait Until Page Contains Element" library="SeleniumLibrary">
<arg>${trade_types_btn}</arg>
<arg>60</arg>
<doc>Waits until the element ``locator`` appears on the current page.</doc>
<status status="PASS" starttime="20211217 14:41:45.997" endtime="20211217 14:41:46.547"/>
</kw>
<kw name="Click Element" library="SeleniumLibrary">
<arg>${trade_types_btn}</arg>
<doc>Click the element identified by ``locator``.</doc>
<msg timestamp="20211217 14:41:46.548" level="INFO">Clicking element '//*[@id="dt_contract_dropdown"]'.</msg>
<status status="PASS" starttime="20211217 14:41:46.548" endtime="20211217 14:41:46.597"/>
</kw>
<kw name="Wait Until Page Contains Element" library="SeleniumLibrary">
<arg>${high_or_low_btn}</arg>
<arg>20</arg>
<doc>Waits until the element ``locator`` appears on the current page.</doc>
<status status="PASS" starttime="20211217 14:41:46.598" endtime="20211217 14:41:46.613"/>
</kw>
<kw name="Click Element" library="SeleniumLibrary">
<arg>${high_or_low_btn}</arg>
<doc>Click the element identified by ``locator``.</doc>
<msg timestamp="20211217 14:41:46.613" level="INFO">Clicking element '//*[@id="dt_contract_high_low_item"]'.</msg>
<status status="PASS" starttime="20211217 14:41:46.613" endtime="20211217 14:41:47.194"/>
</kw>
<kw name="Wait Until Page Contains Element" library="SeleniumLibrary">
<arg>${expand_btn}</arg>
<arg>20</arg>
<doc>Waits until the element ``locator`` appears on the current page.</doc>
<status status="PASS" starttime="20211217 14:41:47.194" endtime="20211217 14:41:48.206"/>
</kw>
<kw name="Click Element" library="SeleniumLibrary">
<arg>${expand_btn}</arg>
<doc>Click the element identified by ``locator``.</doc>
<msg timestamp="20211217 14:41:48.206" level="INFO">Clicking element '//*[@id="dt_simple_toggle"]'.</msg>
<status status="PASS" starttime="20211217 14:41:48.206" endtime="20211217 14:41:48.314"/>
</kw>
<kw name="Wait Until Page Contains Element" library="SeleniumLibrary">
<arg>${duration_tab}</arg>
<arg>20</arg>
<doc>Waits until the element ``locator`` appears on the current page.</doc>
<status status="PASS" starttime="20211217 14:41:48.314" endtime="20211217 14:41:48.329"/>
</kw>
<kw name="Click Element" library="SeleniumLibrary">
<arg>${duration_tab}</arg>
<doc>Click the element identified by ``locator``.</doc>
<msg timestamp="20211217 14:41:48.329" level="INFO">Clicking element '//*[@id="dc_duration_toggle_item"]'.</msg>
<status status="PASS" starttime="20211217 14:41:48.329" endtime="20211217 14:41:48.928"/>
</kw>
<kw name="Press Keys" library="SeleniumLibrary">
<arg>${days_value_input}</arg>
<arg>CTRL+A+BACKSPACE</arg>
<doc>Simulates the user pressing key(s) to an element or on the active browser.</doc>
<msg timestamp="20211217 14:41:48.929" level="INFO">Sending key(s) ('CTRL+A+BACKSPACE',) to //*[@id="dt_advanced_duration_datepicker"]/div/div[1]/input element.</msg>
<msg timestamp="20211217 14:41:49.233" level="INFO">Pressing special key CONTROL down.</msg>
<msg timestamp="20211217 14:41:49.233" level="INFO">Sending key A</msg>
<msg timestamp="20211217 14:41:49.233" level="INFO">Pressing special key BACKSPACE down.</msg>
<msg timestamp="20211217 14:41:49.233" level="INFO">Releasing special key CONTROL.</msg>
<msg timestamp="20211217 14:41:49.233" level="INFO">Releasing special key BACKSPACE.</msg>
<status status="PASS" starttime="20211217 14:41:48.928" endtime="20211217 14:41:49.288"/>
</kw>
<kw name="Input Text" library="SeleniumLibrary">
<arg>${days_value_input}</arg>
<arg>2</arg>
<doc>Types the given ``text`` into the text field identified by ``locator``.</doc>
<msg timestamp="20211217 14:41:49.288" level="INFO">Typing text '2' into text field '//*[@id="dt_advanced_duration_datepicker"]/div/div[1]/input'.</msg>
<status status="PASS" starttime="20211217 14:41:49.288" endtime="20211217 14:41:49.374"/>
</kw>
<kw name="Wait Until Page Contains Element" library="SeleniumLibrary">
<arg>${payout_btn}</arg>
<arg>20</arg>
<doc>Waits until the element ``locator`` appears on the current page.</doc>
<status status="PASS" starttime="20211217 14:41:49.375" endtime="20211217 14:41:49.384"/>
</kw>
<kw name="Click Element" library="SeleniumLibrary">
<arg>${payout_btn}</arg>
<doc>Click the element identified by ``locator``.</doc>
<msg timestamp="20211217 14:41:49.384" level="INFO">Clicking element '//*[@id="dc_payout_toggle_item"]'.</msg>
<status status="PASS" starttime="20211217 14:41:49.384" endtime="20211217 14:41:49.448"/>
</kw>
<kw name="Press Keys" library="SeleniumLibrary">
<arg>${value_input}</arg>
<arg>CTRL+A+BACKSPACE</arg>
<doc>Simulates the user pressing key(s) to an element or on the active browser.</doc>
<msg timestamp="20211217 14:41:49.449" level="INFO">Sending key(s) ('CTRL+A+BACKSPACE',) to //*[@id="dt_amount_input"] element.</msg>
<msg timestamp="20211217 14:41:49.764" level="INFO">Pressing special key CONTROL down.</msg>
<msg timestamp="20211217 14:41:49.764" level="INFO">Sending key A</msg>
<msg timestamp="20211217 14:41:49.764" level="INFO">Pressing special key BACKSPACE down.</msg>
<msg timestamp="20211217 14:41:49.764" level="INFO">Releasing special key CONTROL.</msg>
<msg timestamp="20211217 14:41:49.764" level="INFO">Releasing special key BACKSPACE.</msg>
<status status="PASS" starttime="20211217 14:41:49.448" endtime="20211217 14:41:49.797"/>
</kw>
<kw name="Input Text" library="SeleniumLibrary">
<arg>${value_input}</arg>
<arg>15.50</arg>
<doc>Types the given ``text`` into the text field identified by ``locator``.</doc>
<msg timestamp="20211217 14:41:49.798" level="INFO">Typing text '15.50' into text field '//*[@id="dt_amount_input"]'.</msg>
<status status="PASS" starttime="20211217 14:41:49.797" endtime="20211217 14:41:49.896"/>
</kw>
<kw name="Wait Until Page Contains Element" library="SeleniumLibrary">
<arg>${buy_put_btn}</arg>
<arg>60</arg>
<doc>Waits until the element ``locator`` appears on the current page.</doc>
<status status="PASS" starttime="20211217 14:41:49.897" endtime="20211217 14:41:49.906"/>
</kw>
<kw name="Wait Until Element Is Visible" library="SeleniumLibrary">
<arg>${buy_put_btn}</arg>
<arg>20</arg>
<doc>Waits until the element ``locator`` is visible.</doc>
<status status="PASS" starttime="20211217 14:41:49.906" endtime="20211217 14:41:49.920"/>
</kw>
<kw name="Wait Until Element Is Enabled" library="SeleniumLibrary">
<arg>${buy_put_btn}</arg>
<arg>20</arg>
<doc>Waits until the element ``locator`` is enabled.</doc>
<msg timestamp="20211217 14:41:55.266" level="INFO">Suppressing StaleElementReferenceException from Selenium.</msg>
<status status="PASS" starttime="20211217 14:41:49.920" endtime="20211217 14:42:00.035"/>
</kw>
<kw name="Click Element" library="SeleniumLibrary">
<arg>${buy_put_btn}</arg>
<doc>Click the element identified by ``locator``.</doc>
<msg timestamp="20211217 14:42:00.036" level="INFO">Clicking element '//*[@id="dt_purchase_put_button"]'.</msg>
<status status="PASS" starttime="20211217 14:42:00.035" endtime="20211217 14:42:00.093"/>
</kw>
<status status="PASS" starttime="20211217 14:41:45.219" endtime="20211217 14:42:00.093"/>
</kw>
<status status="PASS" starttime="20211217 14:41:45.219" endtime="20211217 14:42:00.093"/>
</test>
<test id="s1-t5" name="Check Relative Barrier Error">
<kw name="CheckRBE" library="common">
<kw name="Wait Until Page Does Not Contain Element" library="SeleniumLibrary">
<arg>${header_preloader}</arg>
<arg>60</arg>
<doc>Waits until the element ``locator`` disappears from the current page.</doc>
<status status="PASS" starttime="20211217 14:42:00.095" endtime="20211217 14:42:00.104"/>
</kw>
<kw name="Wait Until Page Does Not Contain Element" library="SeleniumLibrary">
<arg>${chart_loader}</arg>
<arg>60</arg>
<doc>Waits until the element ``locator`` disappears from the current page.</doc>
<status status="PASS" starttime="20211217 14:42:00.104" endtime="20211217 14:42:00.116"/>
</kw>
<kw name="Wait Until Page Contains Element" library="SeleniumLibrary">
<arg>${asset_menu}</arg>
<arg>60</arg>
<doc>Waits until the element ``locator`` appears on the current page.</doc>
<status status="PASS" starttime="20211217 14:42:00.117" endtime="20211217 14:42:00.124"/>
</kw>
<kw name="Wait Until Element Is Visible" library="SeleniumLibrary">
<arg>${asset_menu}</arg>
<arg>60</arg>
<doc>Waits until the element ``locator`` is visible.</doc>
<status status="PASS" starttime="20211217 14:42:00.124" endtime="20211217 14:42:00.142"/>
</kw>
<kw name="Click Element" library="SeleniumLibrary">
<arg>${asset_menu}</arg>
<doc>Click the element identified by ``locator``.</doc>
<msg timestamp="20211217 14:42:00.142" level="INFO">Clicking element '//*[@id="trade"]/div/div[1]/div/div/div[1]/div[1]/div/div[1]'.</msg>
<status status="PASS" starttime="20211217 14:42:00.142" endtime="20211217 14:42:00.208"/>
</kw>
<kw name="Wait Until Page Contains Element" library="SeleniumLibrary">
<arg>${forex}</arg>
<arg>20</arg>
<doc>Waits until the element ``locator`` appears on the current page.</doc>
<status status="PASS" starttime="20211217 14:42:00.209" endtime="20211217 14:42:00.217"/>
</kw>
<kw name="Wait Until Element Is Visible" library="SeleniumLibrary">
<arg>${forex}</arg>
<arg>20</arg>
<doc>Waits until the element ``locator`` is visible.</doc>
<status status="PASS" starttime="20211217 14:42:00.217" endtime="20211217 14:42:00.981"/>
</kw>
<kw name="Wait Until Page Contains Element" library="SeleniumLibrary">
<arg>${AUD_USD}</arg>
<arg>20</arg>
<doc>Waits until the element ``locator`` appears on the current page.</doc>
<status status="PASS" starttime="20211217 14:42:00.981" endtime="20211217 14:42:00.993"/>
</kw>
<kw name="Wait Until Element Is Visible" library="SeleniumLibrary">
<arg>${AUD_USD}</arg>
<arg>20</arg>
<doc>Waits until the element ``locator`` is visible.</doc>
<status status="PASS" starttime="20211217 14:42:00.994" endtime="20211217 14:42:01.015"/>
</kw>
<kw name="Click Element" library="SeleniumLibrary">
<arg>${AUD_USD}</arg>
<doc>Click the element identified by ``locator``.</doc>
<msg timestamp="20211217 14:42:01.016" level="INFO">Clicking element '//*[@id="trade"]/div/div[1]/div/div/div[1]/div[1]/div/div[2]/div/div/div[2]/div[2]/div/div[3]/div[1]/div[3]'.</msg>
<status status="PASS" starttime="20211217 14:42:01.015" endtime="20211217 14:42:01.078"/>
</kw>
<kw name="Wait Until Page Does Not Contain Element" library="SeleniumLibrary">
<arg>${header_preloader}</arg>
<arg>60</arg>
<doc>Waits until the element ``locator`` disappears from the current page.</doc>
<status status="PASS" starttime="20211217 14:42:01.078" endtime="20211217 14:42:01.085"/>
</kw>
<kw name="Wait Until Page Does Not Contain Element" library="SeleniumLibrary">
<arg>${chart_loader}</arg>
<arg>60</arg>
<doc>Waits until the element ``locator`` disappears from the current page.</doc>
<status status="PASS" starttime="20211217 14:42:01.085" endtime="20211217 14:42:01.093"/>
</kw>
<kw name="Wait Until Page Contains Element" library="SeleniumLibrary">
<arg>${trade_types_btn}</arg>
<arg>60</arg>
<doc>Waits until the element ``locator`` appears on the current page.</doc>
<status status="PASS" starttime="20211217 14:42:01.093" endtime="20211217 14:42:01.101"/>
</kw>
<kw name="Click Element" library="SeleniumLibrary">
<arg>${trade_types_btn}</arg>
<doc>Click the element identified by ``locator``.</doc>
<msg timestamp="20211217 14:42:01.103" level="INFO">Clicking element '//*[@id="dt_contract_dropdown"]'.</msg>
<status status="PASS" starttime="20211217 14:42:01.102" endtime="20211217 14:42:01.157"/>
</kw>
<kw name="Wait Until Page Contains Element" library="SeleniumLibrary">
<arg>${high_or_low_btn}</arg>
<arg>20</arg>
<doc>Waits until the element ``locator`` appears on the current page.</doc>
<status status="PASS" starttime="20211217 14:42:01.157" endtime="20211217 14:42:01.173"/>
</kw>
<kw name="Click Element" library="SeleniumLibrary">
<arg>${high_or_low_btn}</arg>
<doc>Click the element identified by ``locator``.</doc>
<msg timestamp="20211217 14:42:01.174" level="INFO">Clicking element '//*[@id="dt_contract_high_low_item"]'.</msg>
<status status="PASS" starttime="20211217 14:42:01.173" endtime="20211217 14:42:01.432"/>
</kw>
<kw name="Wait Until Page Contains Element" library="SeleniumLibrary">
<arg>${duration_tab}</arg>
<arg>20</arg>
<doc>Waits until the element ``locator`` appears on the current page.</doc>
<status status="PASS" starttime="20211217 14:42:01.433" endtime="20211217 14:42:02.064"/>
</kw>
<kw name="Click Element" library="SeleniumLibrary">
<arg>${duration_tab}</arg>
<doc>Click the element identified by ``locator``.</doc>
<msg timestamp="20211217 14:42:02.065" level="INFO">Clicking element '//*[@id="dc_duration_toggle_item"]'.</msg>
<status status="PASS" starttime="20211217 14:42:02.064" endtime="20211217 14:42:02.099"/>
</kw>
<kw name="Press Keys" library="SeleniumLibrary">
<arg>${days_value_input}</arg>
<arg>CTRL+A+BACKSPACE</arg>
<doc>Simulates the user pressing key(s) to an element or on the active browser.</doc>
<msg timestamp="20211217 14:42:02.099" level="INFO">Sending key(s) ('CTRL+A+BACKSPACE',) to //*[@id="dt_advanced_duration_datepicker"]/div/div[1]/input element.</msg>
<msg timestamp="20211217 14:42:02.714" level="INFO">Pressing special key CONTROL down.</msg>
<msg timestamp="20211217 14:42:02.714" level="INFO">Sending key A</msg>
<msg timestamp="20211217 14:42:02.714" level="INFO">Pressing special key BACKSPACE down.</msg>
<msg timestamp="20211217 14:42:02.714" level="INFO">Releasing special key CONTROL.</msg>
<msg timestamp="20211217 14:42:02.714" level="INFO">Releasing special key BACKSPACE.</msg>
<status status="PASS" starttime="20211217 14:42:02.099" endtime="20211217 14:42:03.171"/>
</kw>
<kw name="Input Text" library="SeleniumLibrary">
<arg>${days_value_input}</arg>
<arg>2</arg>
<doc>Types the given ``text`` into the text field identified by ``locator``.</doc>
<msg timestamp="20211217 14:42:03.172" level="INFO">Typing text '2' into text field '//*[@id="dt_advanced_duration_datepicker"]/div/div[1]/input'.</msg>
<status status="PASS" starttime="20211217 14:42:03.172" endtime="20211217 14:42:03.282"/>
</kw>
<kw name="Press Keys" library="SeleniumLibrary">
<arg>${barrier_input}</arg>
<arg>CTRL+A+BACKSPACE</arg>
<doc>Simulates the user pressing key(s) to an element or on the active browser.</doc>
<msg timestamp="20211217 14:42:03.282" level="INFO">Sending key(s) ('CTRL+A+BACKSPACE',) to //*[@id="dt_barrier_1_input"] element.</msg>
<msg timestamp="20211217 14:42:03.877" level="INFO">Pressing special key CONTROL down.</msg>
<msg timestamp="20211217 14:42:03.877" level="INFO">Sending key A</msg>
<msg timestamp="20211217 14:42:03.877" level="INFO">Pressing special key BACKSPACE down.</msg>
<msg timestamp="20211217 14:42:03.877" level="INFO">Releasing special key CONTROL.</msg>
<msg timestamp="20211217 14:42:03.877" level="INFO">Releasing special key BACKSPACE.</msg>
<status status="PASS" starttime="20211217 14:42:03.282" endtime="20211217 14:42:03.908"/>
</kw>
<kw name="Input Text" library="SeleniumLibrary">
<arg>${barrier_input}</arg>
<arg>+0.5</arg>
<doc>Types the given ``text`` into the text field identified by ``locator``.</doc>
<msg timestamp="20211217 14:42:03.909" level="INFO">Typing text '+0.5' into text field '//*[@id="dt_barrier_1_input"]'.</msg>
<status status="PASS" starttime="20211217 14:42:03.908" endtime="20211217 14:42:03.995"/>
</kw>
<kw name="Wait Until Page Contains Element" library="SeleniumLibrary">
<arg>${payout_btn}</arg>
<arg>20</arg>
<doc>Waits until the element ``locator`` appears on the current page.</doc>
<status status="PASS" starttime="20211217 14:42:03.995" endtime="20211217 14:42:04.004"/>
</kw>
<kw name="Click Element" library="SeleniumLibrary">
<arg>${payout_btn}</arg>
<doc>Click the element identified by ``locator``.</doc>
<msg timestamp="20211217 14:42:04.005" level="INFO">Clicking element '//*[@id="dc_payout_toggle_item"]'.</msg>
<status status="PASS" starttime="20211217 14:42:04.004" endtime="20211217 14:42:04.045"/>
</kw>
<kw name="Press Keys" library="SeleniumLibrary">
<arg>${value_input}</arg>
<arg>CTRL+A+BACKSPACE</arg>
<doc>Simulates the user pressing key(s) to an element or on the active browser.</doc>
<msg timestamp="20211217 14:42:04.046" level="INFO">Sending key(s) ('CTRL+A+BACKSPACE',) to //*[@id="dt_amount_input"] element.</msg>
<msg timestamp="20211217 14:42:04.864" level="INFO">Pressing special key CONTROL down.</msg>
<msg timestamp="20211217 14:42:04.864" level="INFO">Sending key A</msg>
<msg timestamp="20211217 14:42:04.864" level="INFO">Pressing special key BACKSPACE down.</msg>
<msg timestamp="20211217 14:42:04.864" level="INFO">Releasing special key CONTROL.</msg>
<msg timestamp="20211217 14:42:04.864" level="INFO">Releasing special key BACKSPACE.</msg>
<status status="PASS" starttime="20211217 14:42:04.045" endtime="20211217 14:42:05.090"/>
</kw>
<kw name="Input Text" library="SeleniumLibrary">
<arg>${value_input}</arg>
<arg>10</arg>
<doc>Types the given ``text`` into the text field identified by ``locator``.</doc>
<msg timestamp="20211217 14:42:05.091" level="INFO">Typing text '10' into text field '//*[@id="dt_amount_input"]'.</msg>
<status status="PASS" starttime="20211217 14:42:05.091" endtime="20211217 14:42:05.165"/>
</kw>
<kw name="Wait Until Page Contains Element" library="SeleniumLibrary">
<arg>${absolute_barrier_pop_up}</arg>
<arg>20</arg>
<doc>Waits until the element ``locator`` appears on the current page.</doc>
<status status="PASS" starttime="20211217 14:42:05.165" endtime="20211217 14:42:06.253"/>
</kw>
<kw name="Wait Until Page Contains Element" library="SeleniumLibrary">
<arg>${buy_put_btn}</arg>
<arg>20</arg>
<doc>Waits until the element ``locator`` appears on the current page.</doc>
<status status="PASS" starttime="20211217 14:42:06.254" endtime="20211217 14:42:06.261"/>
</kw>
<kw name="Wait Until Element Is Visible" library="SeleniumLibrary">
<arg>${buy_put_btn}</arg>
<arg>20</arg>
<doc>Waits until the element ``locator`` is visible.</doc>
<status status="PASS" starttime="20211217 14:42:06.262" endtime="20211217 14:42:06.283"/>
</kw>
<kw name="Element Should Be Disabled" library="SeleniumLibrary">
<arg>${buy_put_btn}</arg>
<doc>Verifies that element identified by ``locator`` is disabled.</doc>
<status status="PASS" starttime="20211217 14:42:06.284" endtime="20211217 14:42:06.305"/>
</kw>
<status status="PASS" starttime="20211217 14:42:00.095" endtime="20211217 14:42:06.306"/>
</kw>
<status status="PASS" starttime="20211217 14:42:00.094" endtime="20211217 14:42:06.306"/>
</test>
<test id="s1-t6" name="Check Multiplier Contract Parameter">
<kw name="CheckMCP" library="common">
<kw name="Wait Until Page Does Not Contain Element" library="SeleniumLibrary">
<arg>${header_preloader}</arg>
<arg>60</arg>
<doc>Waits until the element ``locator`` disappears from the current page.</doc>
<status status="PASS" starttime="20211217 14:42:06.307" endtime="20211217 14:42:06.319"/>
</kw>
<kw name="Wait Until Page Does Not Contain Element" library="SeleniumLibrary">
<arg>${chart_loader}</arg>
<arg>60</arg>
<doc>Waits until the element ``locator`` disappears from the current page.</doc>
<status status="PASS" starttime="20211217 14:42:06.320" endtime="20211217 14:42:06.615"/>
</kw>
<kw name="Wait Until Page Contains Element" library="SeleniumLibrary">
<arg>${asset_menu}</arg>
<arg>60</arg>
<doc>Waits until the element ``locator`` appears on the current page.</doc>
<status status="PASS" starttime="20211217 14:42:06.615" endtime="20211217 14:42:06.799"/>
</kw>
<kw name="Wait Until Element Is Visible" library="SeleniumLibrary">
<arg>${asset_menu}</arg>
<arg>60</arg>
<doc>Waits until the element ``locator`` is visible.</doc>
<status status="PASS" starttime="20211217 14:42:06.799" endtime="20211217 14:42:06.810"/>
</kw>
<kw name="Click Element" library="SeleniumLibrary">
<arg>${asset_menu}</arg>
<doc>Click the element identified by ``locator``.</doc>
<msg timestamp="20211217 14:42:06.810" level="INFO">Clicking element '//*[@id="trade"]/div/div[1]/div/div/div[1]/div[1]/div/div[1]'.</msg>
<status status="PASS" starttime="20211217 14:42:06.810" endtime="20211217 14:42:06.850"/>
</kw>
<kw name="Wait Until Page Contains Element" library="SeleniumLibrary">
<arg>${synthetic_indices}</arg>
<arg>20</arg>
<doc>Waits until the element ``locator`` appears on the current page.</doc>
<status status="PASS" starttime="20211217 14:42:06.850" endtime="20211217 14:42:06.861"/>
</kw>
<kw name="Wait Until Element Is Visible" library="SeleniumLibrary">
<arg>${synthetic_indices}</arg>
<arg>20</arg>
<doc>Waits until the element ``locator`` is visible.</doc>
<status status="PASS" starttime="20211217 14:42:06.861" endtime="20211217 14:42:07.314"/>
</kw>
<kw name="Click Element" library="SeleniumLibrary">
<arg>${synthetic_indices}</arg>
<doc>Click the element identified by ``locator``.</doc>
<msg timestamp="20211217 14:42:07.314" level="INFO">Clicking element '//*[@id="trade"]/div/div[1]/div/div/div[1]/div[1]/div/div[2]/div/div/div[1]/div[2]/div/div[2]'.</msg>
<status status="PASS" starttime="20211217 14:42:07.314" endtime="20211217 14:42:07.359"/>
</kw>
<kw name="Wait Until Page Contains Element" library="SeleniumLibrary">
<arg>${volatility_50}</arg>
<arg>20</arg>
<doc>Waits until the element ``locator`` appears on the current page.</doc>
<status status="PASS" starttime="20211217 14:42:07.360" endtime="20211217 14:42:07.370"/>
</kw>
<kw name="Wait Until Element Is Visible" library="SeleniumLibrary">
<arg>${volatility_50}</arg>
<arg>20</arg>
<doc>Waits until the element ``locator`` is visible.</doc>
<status status="PASS" starttime="20211217 14:42:07.370" endtime="20211217 14:42:07.382"/>
</kw>
<kw name="Click Element" library="SeleniumLibrary">
<arg>${volatility_50}</arg>
<doc>Click the element identified by ``locator``.</doc>
<msg timestamp="20211217 14:42:07.382" level="INFO">Clicking element '//*[@id="trade"]/div/div[1]/div/div/div[1]/div[1]/div/div[2]/div/div/div[2]/div[2]/div/div[2]/div[1]/div[7]'.</msg>
<status status="PASS" starttime="20211217 14:42:07.382" endtime="20211217 14:42:07.493"/>
</kw>
<kw name="Wait Until Page Does Not Contain Element" library="SeleniumLibrary">
<arg>${header_preloader}</arg>
<arg>60</arg>
<doc>Waits until the element ``locator`` disappears from the current page.</doc>
<status status="PASS" starttime="20211217 14:42:07.493" endtime="20211217 14:42:07.521"/>
</kw>
<kw name="Wait Until Page Does Not Contain Element" library="SeleniumLibrary">
<arg>${chart_loader}</arg>
<arg>60</arg>
<doc>Waits until the element ``locator`` disappears from the current page.</doc>
<status status="PASS" starttime="20211217 14:42:07.522" endtime="20211217 14:42:07.528"/>
</kw>
<kw name="Wait Until Page Contains Element" library="SeleniumLibrary">
<arg>${trade_types_btn}</arg>
<arg>60</arg>
<doc>Waits until the element ``locator`` appears on the current page.</doc>
<status status="PASS" starttime="20211217 14:42:07.528" endtime="20211217 14:42:15.995"/>
</kw>
<kw name="Click Element" library="SeleniumLibrary">
<arg>${trade_types_btn}</arg>
<doc>Click the element identified by ``locator``.</doc>
<msg timestamp="20211217 14:42:15.996" level="INFO">Clicking element '//*[@id="dt_contract_dropdown"]'.</msg>
<status status="PASS" starttime="20211217 14:42:15.995" endtime="20211217 14:42:16.055"/>
</kw>
<kw name="Wait Until Page Contains Element" library="SeleniumLibrary">
<arg>${multipliers_btn}</arg>
<arg>20</arg>
<doc>Waits until the element ``locator`` appears on the current page.</doc>
<status status="PASS" starttime="20211217 14:42:16.055" endtime="20211217 14:42:16.066"/>
</kw>
<kw name="Click Element" library="SeleniumLibrary">
<arg>${multipliers_btn}</arg>
<doc>Click the element identified by ``locator``.</doc>
<msg timestamp="20211217 14:42:16.066" level="INFO">Clicking element '//*[@id="dt_contract_dropdown"]/div[2]/div/div/div[2]/div[2]/div/div[1]/div[2]'.</msg>
<status status="PASS" starttime="20211217 14:42:16.066" endtime="20211217 14:42:16.882"/>
</kw>
<kw name="Wait Until Page Contains Element" library="SeleniumLibrary">
<arg>${stake_text_container}</arg>
<arg>20</arg>
<doc>Waits until the element ``locator`` appears on the current page.</doc>
<status status="PASS" starttime="20211217 14:42:16.882" endtime="20211217 14:42:16.900"/>
</kw>
<kw name="Wait Until Element Is Visible" library="SeleniumLibrary">
<arg>${stake_text_container}</arg>
<arg>20</arg>
<doc>Waits until the element ``locator`` is visible.</doc>
<status status="PASS" starttime="20211217 14:42:16.901" endtime="20211217 14:42:16.922"/>
</kw>
<kw name="Wait Until Page Does Not Contain Element" library="SeleniumLibrary">
<arg>${payout_btn}</arg>
<arg>20</arg>
<doc>Waits until the element ``locator`` disappears from the current page.</doc>
<status status="PASS" starttime="20211217 14:42:16.922" endtime="20211217 14:42:16.933"/>
</kw>
<kw name="Wait Until Element Is Not Visible" library="SeleniumLibrary">
<arg>${payout_btn}</arg>
<arg>20</arg>
<doc>Waits until the element ``locator`` is not visible.</doc>
<status status="PASS" starttime="20211217 14:42:16.933" endtime="20211217 14:42:16.939"/>
</kw>
<kw name="Wait Until Page Contains Element" library="SeleniumLibrary">
<arg>${multipliers_list}</arg>
<arg>20</arg>
<doc>Waits until the element ``locator`` appears on the current page.</doc>
<status status="PASS" starttime="20211217 14:42:16.939" endtime="20211217 14:42:16.956"/>
</kw>
<kw name="Wait Until Element Is Visible" library="SeleniumLibrary">
<arg>${multipliers_list}</arg>
<arg>20</arg>
<doc>Waits until the element ``locator`` is visible.</doc>
<status status="PASS" starttime="20211217 14:42:16.957" endtime="20211217 14:42:16.986"/>
</kw>
<kw name="Click Element" library="SeleniumLibrary">
<arg>${multipliers_list}</arg>
<doc>Click the element identified by ``locator``.</doc>
<msg timestamp="20211217 14:42:16.987" level="INFO">Clicking element '//*[@id="dropdown-display"]'.</msg>
<status status="PASS" starttime="20211217 14:42:16.986" endtime="20211217 14:42:17.061"/>
</kw>
<kw name="Sleep" library="BuiltIn">
<arg>1</arg>
<doc>Pauses the test executed for the given time.</doc>
<msg timestamp="20211217 14:42:18.062" level="INFO">Slept 1 second</msg>
<status status="PASS" starttime="20211217 14:42:17.061" endtime="20211217 14:42:18.062"/>
</kw>
<kw name="Element Should Be Visible" library="SeleniumLibrary">
<arg>${x20}</arg>
<doc>Verifies that the element identified by ``locator`` is visible.</doc>
<msg timestamp="20211217 14:42:18.213" level="INFO">Element '//*[@id="20"]' is displayed.</msg>
<status status="PASS" starttime="20211217 14:42:18.063" endtime="20211217 14:42:18.213"/>
</kw>
<kw name="Element Should Be Visible" library="SeleniumLibrary">
<arg>${x40}</arg>
<doc>Verifies that the element identified by ``locator`` is visible.</doc>
<msg timestamp="20211217 14:42:18.229" level="INFO">Element '//*[@id="40"]' is displayed.</msg>
<status status="PASS" starttime="20211217 14:42:18.213" endtime="20211217 14:42:18.229"/>
</kw>
<kw name="Element Should Be Visible" library="SeleniumLibrary">
<arg>${x60}</arg>
<doc>Verifies that the element identified by ``locator`` is visible.</doc>
<msg timestamp="20211217 14:42:18.243" level="INFO">Element '//*[@id="60"]' is displayed.</msg>
<status status="PASS" starttime="20211217 14:42:18.229" endtime="20211217 14:42:18.243"/>
</kw>
<kw name="Element Should Be Visible" library="SeleniumLibrary">
<arg>${x100}</arg>
<doc>Verifies that the element identified by ``locator`` is visible.</doc>
<msg timestamp="20211217 14:42:18.257" level="INFO">Element '//*[@id="100"]' is displayed.</msg>
<status status="PASS" starttime="20211217 14:42:18.243" endtime="20211217 14:42:18.257"/>
</kw>
<kw name="Element Should Be Visible" library="SeleniumLibrary">
<arg>${x200}</arg>
<doc>Verifies that the element identified by ``locator`` is visible.</doc>
<msg timestamp="20211217 14:42:18.272" level="INFO">Element '//*[@id="200"]' is displayed.</msg>
<status status="PASS" starttime="20211217 14:42:18.257" endtime="20211217 14:42:18.272"/>
</kw>
<kw name="Press Keys" library="SeleniumLibrary">
<arg>${stake_input}</arg>
<arg>CTRL+A+BACKSPACE</arg>
<doc>Simulates the user pressing key(s) to an element or on the active browser.</doc>
<msg timestamp="20211217 14:42:18.272" level="INFO">Sending key(s) ('CTRL+A+BACKSPACE',) to //*[@id="dt_amount_input"] element.</msg>
<msg timestamp="20211217 14:42:18.629" level="INFO">Pressing special key CONTROL down.</msg>
<msg timestamp="20211217 14:42:18.629" level="INFO">Sending key A</msg>
<msg timestamp="20211217 14:42:18.629" level="INFO">Pressing special key BACKSPACE down.</msg>
<msg timestamp="20211217 14:42:18.629" level="INFO">Releasing special key CONTROL.</msg>
<msg timestamp="20211217 14:42:18.629" level="INFO">Releasing special key BACKSPACE.</msg>
<status status="PASS" starttime="20211217 14:42:18.272" endtime="20211217 14:42:18.653"/>
</kw>
<kw name="Input Text" library="SeleniumLibrary">
<arg>${stake_input}</arg>
<arg>10</arg>
<doc>Types the given ``text`` into the text field identified by ``locator``.</doc>
<msg timestamp="20211217 14:42:18.654" level="INFO">Typing text '10' into text field '//*[@id="dt_amount_input"]'.</msg>
<status status="PASS" starttime="20211217 14:42:18.654" endtime="20211217 14:42:18.737"/>
</kw>
<kw name="Sleep" library="BuiltIn">
<arg>2</arg>
<doc>Pauses the test executed for the given time.</doc>
<msg timestamp="20211217 14:42:20.738" level="INFO">Slept 2 seconds</msg>
<status status="PASS" starttime="20211217 14:42:18.737" endtime="20211217 14:42:20.738"/>
</kw>
<kw name="Click Element" library="SeleniumLibrary">
<arg>${deal_cancellation_checkbox}</arg>
<doc>Click the element identified by ``locator``.</doc>
<msg timestamp="20211217 14:42:20.739" level="INFO">Clicking element '//*[@id="trade_container"]/div[4]/div/fieldset[5]/div/label'.</msg>
<status status="PASS" starttime="20211217 14:42:20.738" endtime="20211217 14:42:20.813"/>
</kw>
<kw name="Wait Until Page Contains Element" library="SeleniumLibrary">
<arg>${deal_cancel_price}</arg>
<doc>Waits until the element ``locator`` appears on the current page.</doc>
<status status="PASS" starttime="20211217 14:42:20.813" endtime="20211217 14:42:21.695"/>
</kw>
<kw name="Get Value" library="SeleniumLibrary">
<var>${cancel_text_10}</var>
<arg>${deal_cancel_price}</arg>
<doc>Returns the value attribute of the element identified by ``locator``.</doc>
<msg timestamp="20211217 14:42:21.711" level="INFO">${cancel_text_10} = None</msg>
<status status="PASS" starttime="20211217 14:42:21.695" endtime="20211217 14:42:21.711"/>
</kw>
<kw name="Return From Keyword" library="BuiltIn">
<arg>${cancel_text_10}</arg>
<doc>Returns from the enclosing user keyword.</doc>
<msg timestamp="20211217 14:42:21.711" level="INFO">Returning from the enclosing user keyword.</msg>
<status status="PASS" starttime="20211217 14:42:21.711" endtime="20211217 14:42:21.711"/>
</kw>
<status status="PASS" starttime="20211217 14:42:06.307" endtime="20211217 14:42:21.711"/>
</kw>
<status status="PASS" starttime="20211217 14:42:06.307" endtime="20211217 14:42:21.712"/>
</test>
<status status="PASS" starttime="20211217 14:41:05.566" endtime="20211217 14:42:21.712"/>
</suite>
<statistics>
<total>
<stat pass="6" fail="0" skip="0">All Tests</stat>
</total>
<tag>
</tag>
<suite>
<stat pass="6" fail="0" skip="0" id="s1" name="Test">Test</stat>
</suite>
</statistics>
<errors>
</errors>
</robot>
